2021-10-22 21:11:41 INFO - Max temp for today: 19.7
2021-10-22 21:21:14 INFO - Max temp for today: 19.7
2021-10-22 21:23:29 INFO - Max temp for today: 19.7
2021-10-22 22:20:24 INFO - Max temp for today: 19.7
2021-10-22 22:25:04 INFO - Max temp for today: 19.7
2021-10-22 22:25:39 WARN - Invalid input (Not city)!
2021-10-22 22:26:54 WARN - Invalid input (Not city)!
2021-10-22 22:28:44 INFO - Max temp for today: 19.7
2021-10-22 22:30:24 INFO - Max temp for today: 19.7
2021-10-22 22:51:55 INFO - Max temp for today: 19.7
2021-10-22 22:52:50 INFO - Max temp for today: 19.7
2021-10-22 22:52:57 INFO - Max temp for today: 19.7
2021-10-22 22:52:57 INFO - Max temp for today: 21.0
2021-10-22 23:40:01 INFO - Max temp for today: 19.7
2021-10-22 23:40:01 INFO - Max temp for today: 21.0
2021-10-22 23:40:36 INFO - Aveiro
2021-10-22 23:40:37 INFO - Max temp for today: 19.7
2021-10-22 23:40:37 INFO - Coimbra
2021-10-22 23:40:37 INFO - Max temp for today: 21.0
2021-10-22 23:40:55 INFO - Currently using default code (Aveiro)
2021-10-22 23:40:55 INFO - Max temp for today: 19.7
2021-10-22 23:41:20 INFO - Currently using default code (Aveiro)
2021-10-22 23:41:20 INFO - Max temp for today: 19.7
2021-10-22 23:41:34 INFO - Porto
2021-10-22 23:41:34 INFO - Max temp for today: 20.4
2021-10-22 23:41:34 INFO - 222
2021-10-22 23:41:34 INFO - No results!
2021-10-22 23:43:06 INFO - jaskasa
2021-10-22 23:43:06 WARN - Invalid input (Not city)!
2021-10-23 17:36:38 INFO - Currently using default code (Aveiro)
2021-10-23 17:36:39 INFO - Max temp for today: 21.8
2021-10-23 17:37:27 INFO - Porto
2021-10-23 17:37:27 INFO - Max temp for today: 20.7
2021-10-23 17:37:27 INFO - Algarve
2021-10-23 17:37:27 WARN - Invalid input (Not city)!
2021-10-23 17:37:37 INFO - Porto
2021-10-23 17:37:37 INFO - Max temp for today: 20.7
2021-10-23 17:37:37 INFO - Lisboa
2021-10-23 17:37:37 INFO - Max temp for today: 24.7
